<?xml version="1.0" encoding="UTF-8"?>
<!-- Generated by org.testng.reporters.JUnitReportReporter -->
<testsuite hostname="EQ-EQ6111199" failures="0" tests="3" name="package_VOIS.MyStore" time="80.303" errors="0" timestamp="2020-11-13T10:58:33 EET" skipped="0">
  <testcase classname="package_VOIS.MyStore" name="CreateAccount" time="23.856"/>
  <system-out/>
  <testcase classname="package_VOIS.MyStore" name="Login" time="18.381"/>
  <system-out/>
  <testcase classname="package_VOIS.MyStore" name="CartCheckout" time="38.066"/>
  <system-out/>
</testsuite> <!-- package_VOIS.MyStore -->
