<?xml version="1.0" encoding="UTF-8"?>
<!-- Generated by org.testng.reporters.JUnitReportReporter -->
<testsuite hostname="EQ-EQ6111199" failures="0" tests="5" name="GooglePlay.ARP" time="45.492" errors="0" timestamp="11 Nov 2020 16:30:16 GMT" skipped="0">
  <testcase classname="GooglePlay.ARP" name="scenarioTwo" time="7.324"/>
  <testcase classname="GooglePlay.ARP" name="scenarioFour" time="8.115"/>
  <testcase classname="GooglePlay.ARP" name="scenarioOne" time="11.122"/>
  <testcase classname="GooglePlay.ARP" name="scenarioThree" time="9.688"/>
  <testcase classname="GooglePlay.ARP" name="scenarioFive" time="9.243"/>
</testsuite> <!-- GooglePlay.ARP -->
